<?xml version="1.0" encoding="UTF-8"?>
<!-- Generated by org.testng.reporters.JUnitReportReporter -->
<testsuite skipped="0" hostname="Batman" name="tests.AddCatagoryTest" tests="3" failures="0" timestamp="2023-04-26T09:33:13 BST" time="1.536" errors="0">
  <testcase name="userShouldBeAbleToAddNewCategoryItem" time="0.778" classname="tests.AddCatagoryTest"/>
  <system-out/>
  <testcase name="userShouldBeAbleToSeeNameOfTheMonths" time="0.380" classname="tests.AddCatagoryTest"/>
  <system-out/>
  <testcase name="duplicateCatagoryInsertion" time="0.378" classname="tests.AddCatagoryTest"/>
  <system-out/>
</testsuite> <!-- tests.AddCatagoryTest -->
